Command: 
jar tf "C:\Users\luizf\Desktop\Elgin\E1_Delphi_M8-M10_KIOKSI\libs\e1-V02.16.00-release.jar"

Output:
com/elgin/e1/Balanca/Balanca.class
com/elgin/e1/Comunicacao/ConTCP_IP$1SendData.class
com/elgin/e1/Core/Utils.class
com/elgin/e1/DisplayPIX4/ImplementacaoDisplayPIX4$2.class
com/elgin/e1/Balanca/Balanca$Config.class
com/elgin/e1/Impressora/Config/dsSAT$1.class
com/elgin/e1/Impressora/Etiqueta.class
com/elgin/e1/Balanca/Balanca$ModeloBalanca.class
com/elgin/e1/Servico/Parametros.class
com/elgin/e1/Scanner/Scanner.class
com/elgin/e1/Comunicacao/ConService$1SendData.class
com/elgin/e1/Impressora/XML/ImplementacaoOBJPRODUTOXMLNFCE.class
com/elgin/e1/Servico/ServicoE1$Termica.class
com/elgin/e1/Balanca/CommSerial.class
com/elgin/e1/Pagamento/Controller/ElginPayController$3.class
com/elgin/e1/Impressora/EHTML/ComandosEHTML.class
com/elgin/e1/Pagamento/Brigde/InterfaceBridge.class
com/elgin/e1/Balanca/ImplementacaoBalanca$1.class
com/wizarpos/wizarviewagentassistant/aidl/ISystemExtApi$Default.class
com/elgin/e1/Pagamento/Controller/ElginPayController$11.class
com/elgin/e1/Comunicacao/ConTCP_IP$1GetData.class
com/elgin/e1/Impressora/Impressoras/ImplementacaoAndroid$IIImpressaoTexto.class
com/elgin/e1/Fiscal/MFe.class
com/elgin/e1/Comunicacao/ConService$1GetPrinter.class
com/elgin/e1/Comunicacao/ConSerial.class
com/elgin/e1/Comunicacao/ConUSB$1.class
com/elgin/e1/Impressora/Utilidades/PPLA.class
com/elgin/e1/Balanca/InterfaceBalanca.class
com/elgin/e1/Impressora/Smart.class
com/elgin/e1/Impressora/XML/ImplementacaoOBJXMLSAT.class
com/elgin/e1/Impressora/Android.class
com/elgin/e1/Impressora/XML/InterfaceOBJXML.class
com/elgin/e1/Pagamento/Controller/ElginPayController$6.class
com/elgin/e1/Pagamento/Brigde/ConstantesPrinter.class
com/elgin/e1/Comunicacao/ConSmartPOS.class
com/elgin/e1/Pagamento/Brigde/TcpSocket$1TcpWrite.class
com/elgin/e1/Comunicacao/Conexao.class
com/elgin/e1/Pagamento/Controller/ElginPayController$9.class
com/elgin/e1/Balanca/ImplementacaoBalanca.class
com/elgin/e1/Impressora/EHTML/TagsEHTML.class
com/elgin/e1/Impressora/Utilidades/RetornoPOS.class
com/elgin/e1/Impressora/XML/ImplementacaoOBJXMLCANCELAMENTO.class
com/elgin/e1/Impressora/XML/ImplementacaoOBJXMLNFCE.class
com/elgin/e1/Impressora/Impressoras/InterfaceBematech.class
com/elgin/e1/Balanca/Comm.class
com/elgin/e1/Impressora/XML/InterfaceOBJPRODUTOXMLSAT.class
com/elgin/e1/Comunicacao/ConBluetooth.class
com/elgin/e1/Impressora/Impressoras/ImplementacaoEtiqueta.class
com/elgin/e1/Impressora/XML/ImplementacaoOBJPRODUTOXMLSAT.class
com/elgin/e1/Pagamento/Brigde/ConfigFile.class
com/elgin/e1/Pagamento/Brigde/ImplementacaoPrinter.class
com/wizarpos/wizarviewagentassistant/aidl/ISystemExtApi$Stub$Proxy.class
com/elgin/e1/Impressora/Impressoras/ImplementacaoAndroid.class
com/elgin/e1/Comunicacao/ConBluetooth$1GetPrinterBluetooth.class
com/elgin/e1/BuildConfig.class
com/elgin/e1/Fiscal/ImplementacaoSAT.class
com/elgin/e1/Pagamento/Brigde/TcpSocket$1TcpConnect.class
com/elgin/e1/Impressora/Config/dsSAT.class
com/elgin/e1/Impressora/XML/ImplementacaoOBJXML$1.class
com/elgin/e1/Impressora/EHTML/TagsEHTML$TagsController.class
com/elgin/e1/Pagamento/Utils.class
com/elgin/e1/Fiscal/NFCe.class
com/elgin/e1/Pagamento/Controller/ElginPayController$5.class
com/elgin/e1/Impressora/XML/InterfaceOBJXMLSAT.class
com/elgin/e1/Impressora/Config/dsImpressora$infoHW.class
com/elgin/e1/Impressora/XML/ImplementacaoOBJXML$infoPag.class
com/elgin/e1/Impressora/Impressoras/ImplementacaoSmartPOS.class
com/elgin/e1/Balanca/BalancaE1.class
com/elgin/e1/Pagamento/Brigde/ConfigFileInitializer.class
com/elgin/e1/DisplayPIX4/ImplementacaoDisplayPIX4$1.class
com/elgin/e1/Comunicacao/ConBluetooth$1GetBluetoothData.class
com/elgin/e1/Fiscal/InterfaceSAT.class
com/wizarpos/wizarviewagentassistant/aidl/ISystemExtApi$Stub.class
com/elgin/e1/Impressora/Utilidades/CodigoErro.class
com/elgin/e1/Pagamento/Controller/ElginPayController$4.class
com/elgin/e1/Impressora/XML/ImplementacaoOBJXML.class
com/elgin/e1/Fiscal/InterfaceFactoryXMLSAT.class
com/elgin/e1/Impressora/Impressoras/ImplementacaoTermica.class
com/elgin/e1/Impressora/XML/InterfaceOBJXMLNFCE.class
com/elgin/e1/DisplayPIX4/PIX4.class
com/elgin/e1/Pagamento/Brigde/TcpSocket$1TcpReadAll.class
com/elgin/e1/Pagamento/Brigde/Bridge.class
com/elgin/e1/Comunicacao/ConService$1GetData.class
com/elgin/e1/Balanca/Balanca$ProtocoloComunicacao.class
com/elgin/e1/Pagamento/Controller/ElginPayController$7.class
com/elgin/e1/Pagamento/Controller/ElginPayController.class
com/elgin/e1/Impressora/Config/dsImpressora.class
com/elgin/e1/Pagamento/Brigde/InterfacePrinter.class
com/elgin/e1/Impressora/Config/dsSAT$ChaveDePesquisa.class
com/elgin/e1/Servico/ServicoE1.class
com/wizarpos/wizarviewagentassistant/aidl/ISystemExtApi.class
com/elgin/e1/Pagamento/Brigde/TcpSocket.class
com/elgin/e1/Pagamento/ElginPayIDH$1.class
com/elgin/e1/Balanca/CommTCP$Timeouts.class
com/elgin/e1/Servico/ServicoE1$SAT.class
com/elgin/e1/Impressora/XML/InterfaceOBJPRODUTOXMLNFCE.class
com/elgin/e1/Impressora/Impressoras/InterfaceAndroid.class
com/elgin/e1/Impressora/XML/ImplementacaoOBJXMLPRODUTO.class
com/elgin/e1/DisplayPIX4/ImplementacaoDisplayPIX4.class
com/elgin/e1/Impressora/Impressoras/ImplementacaoM8.class
com/elgin/e1/Pagamento/Controller/ElginPayController$10.class
com/elgin/e1/Comunicacao/ConBluetooth$1SendData.class
com/elgin/e1/Impressora/Utilidades/ESCPOS.class
com/elgin/e1/DisplayPIX4/InterfaceDisplayPIX4.class
com/elgin/e1/Impressora/Impressoras/ImplementacaoSmartPOS$1.class
com/elgin/e1/Impressora/Impressoras/AndroidDevices.class
com/elgin/e1/Comunicacao/ConM8.class
com/elgin/e1/Impressora/Impressoras/InterfaceEtiqueta.class
com/elgin/e1/Impressora/Impressoras/InterfaceTermica.class
com/elgin/e1/Fiscal/ImplementacaoFactoryXMLSAT.class
com/elgin/e1/Impressora/Impressoras/ImplementacaoBematech.class
com/elgin/e1/Comunicacao/ConService.class
com/elgin/e1/Impressora/Utilidades/Utilidades.class
com/elgin/e1/Impressora/Impressoras/InterfaceSmartPOS.class
com/elgin/e1/Comunicacao/ConTCP_IP$1GetPrinter.class
com/elgin/e1/Pagamento/Controller/ElginPayController$2.class
com/elgin/e1/Pagamento/ElginPayIDH.class
com/elgin/e1/Comunicacao/ConM8$1.class
com/elgin/e1/Impressora/MiniPDVM8.class
com/elgin/e1/Balanca/Comm$1.class
com/elgin/e1/Impressora/XML/InterfaceOBJXMLCANCELAMENTO.class
com/elgin/e1/Impressora/Impressoras/ImplementacaoM8$1.class
com/elgin/e1/Impressora/Impressoras/InterfaceM8.class
com/elgin/e1/Comunicacao/ConTCP_IP.class
com/elgin/e1/Pagamento/ElginPay.class
com/elgin/e1/Impressora/Utilidades/StringRef.class
com/elgin/e1/Impressora/Config/dsImpressora$1.class
com/elgin/e1/Pagamento/Brigde/ImplementacaoBridge.class
com/elgin/e1/Servico/ServicoE1$Etiqueta.class
com/elgin/e1/Pagamento/Controller/ElginPayController$8.class
com/elgin/e1/Pagamento/Controller/ElginPayController$1.class
com/elgin/e1/Balanca/Comm$TipoConexao.class
com/elgin/e1/Impressora/Utilidades/Utilidades$1.class
com/elgin/e1/Servico/Assinaturas.class
com/elgin/e1/Pagamento/Brigde/Constantes.class
com/elgin/e1/Pagamento/Brigde/InterfacePersonalizacao.class
com/elgin/e1/Balanca/Balanca$ConfigAltValues.class
com/elgin/e1/Balanca/CommTCP.class
com/elgin/e1/Pagamento/Controller/TipoImpressao.class
com/elgin/e1/Impressora/Termica.class
com/elgin/e1/Comunicacao/ConUSB.class
com/elgin/e1/Fiscal/SAT.class
com/xc/comportdemo/ComportNative.class
com/elgin/e1/Pagamento/Brigde/ImplementacaoPersonalizacao.class
com/elgin/e1/Comunicacao/ConService$2GetData.class
com/elgin/e1/Impressora/XML/InterfaceOBJXMLPRODUTO.class
com/elgin/e1/Balanca/Balancas.class
com/xc/comportdemo/CommSerialAPI.class
