Command: 
jar tf "C:\Users\luizf\Desktop\Elgin\E1_Delphi_Smart-POS - Handle\libs\libs_daruma\darumamobile.jar"

Output:
br/com/daruma/framework/mobile/DarumaMobile$1.class
br/com/daruma/framework/mobile/DarumaMobile$2.class
br/com/daruma/framework/mobile/DarumaMobile$3.class
br/com/daruma/framework/mobile/DarumaMobile$4.class
br/com/daruma/framework/mobile/DarumaMobile$LogMemoria.class
br/com/daruma/framework/mobile/DarumaMobile.class
br/com/daruma/framework/mobile/PrinterManager$PrinterManagerListener.class
br/com/daruma/framework/mobile/PrinterManager.class
br/com/daruma/framework/mobile/ThreadPoolManager.class
br/com/daruma/framework/mobile/camera/DarumaConfigScanner.class
br/com/daruma/framework/mobile/camera/DarumaDecoder.class
br/com/daruma/framework/mobile/camera/DarumaScanResult.class
br/com/daruma/framework/mobile/camera/DarumaScanner.class
br/com/daruma/framework/mobile/camera/DarumaScannerHandler$State.class
br/com/daruma/framework/mobile/camera/DarumaScannerHandler.class
br/com/daruma/framework/mobile/camera/dependencies/BeepManager$1.class
br/com/daruma/framework/mobile/camera/dependencies/BeepManager.class
br/com/daruma/framework/mobile/camera/dependencies/DecodeAsyncTask.class
br/com/daruma/framework/mobile/camera/dependencies/DecodeFormatManager.class
br/com/daruma/framework/mobile/camera/dependencies/DecodeHandler.class
br/com/daruma/framework/mobile/camera/dependencies/DecodeThread.class
br/com/daruma/framework/mobile/camera/dependencies/FinishListener.class
br/com/daruma/framework/mobile/camera/dependencies/ISendHandler.class
br/com/daruma/framework/mobile/camera/dependencies/InactivityTimer$1.class
br/com/daruma/framework/mobile/camera/dependencies/InactivityTimer$DaemonThreadFactory.class
br/com/daruma/framework/mobile/camera/dependencies/InactivityTimer$PowerStatusReceiver.class
br/com/daruma/framework/mobile/camera/dependencies/InactivityTimer.class
br/com/daruma/framework/mobile/camera/dependencies/Intents$Scan.class
br/com/daruma/framework/mobile/camera/dependencies/Intents.class
br/com/daruma/framework/mobile/camera/dependencies/ViewfinderResultPointCallback.class
br/com/daruma/framework/mobile/camera/dependencies/ViewfinderView.class
br/com/daruma/framework/mobile/camera/dependencies/camera/AutoFocusCallback.class
br/com/daruma/framework/mobile/camera/dependencies/camera/CameraConfigurationManager.class
br/com/daruma/framework/mobile/camera/dependencies/camera/CameraManager.class
br/com/daruma/framework/mobile/camera/dependencies/camera/FlashlightManager.class
br/com/daruma/framework/mobile/camera/dependencies/camera/PlanarYUVLuminanceSource.class
br/com/daruma/framework/mobile/camera/dependencies/camera/PreviewCallback.class
br/com/daruma/framework/mobile/camera/dependencies/config/ZXingLibConfig.class
br/com/daruma/framework/mobile/camera/dependencies/integrator/IVariaveisScaner.class
br/com/daruma/framework/mobile/comunicacao/AComunicacao.class
br/com/daruma/framework/mobile/comunicacao/exception/DarumaComunicacaoException.class
br/com/daruma/framework/mobile/comunicacao/exception/DarumaECFException.class
br/com/daruma/framework/mobile/comunicacao/exception/DarumaException.class
br/com/daruma/framework/mobile/comunicacao/impl/BluetoothDaruma$ReadTask.class
br/com/daruma/framework/mobile/comunicacao/impl/BluetoothDaruma.class
br/com/daruma/framework/mobile/comunicacao/impl/ComunicacaoNaoImpl.class
br/com/daruma/framework/mobile/comunicacao/impl/SerialDaruma.class
br/com/daruma/framework/mobile/comunicacao/impl/SocketDaruma.class
br/com/daruma/framework/mobile/comunicacao/impl/UsbDaruma.class
br/com/daruma/framework/mobile/constantes/ConstantesFramework.class
br/com/daruma/framework/mobile/constantes/ConstantesGenerico.class
br/com/daruma/framework/mobile/constantes/ConstantesSocket.class
br/com/daruma/framework/mobile/constantes/IConstantesComunicacao.class
br/com/daruma/framework/mobile/exception/DarumaCheckedException.class
br/com/daruma/framework/mobile/exception/DarumaComunicacaoException.class
br/com/daruma/framework/mobile/exception/DarumaECFException.class
br/com/daruma/framework/mobile/exception/DarumaException.class
br/com/daruma/framework/mobile/exception/DarumaSatException.class
br/com/daruma/framework/mobile/exception/DarumaScanException.class
br/com/daruma/framework/mobile/exception/DarumaWebServiceException.class
br/com/daruma/framework/mobile/gne/BMP.class
br/com/daruma/framework/mobile/gne/Op_XmlConsulta.class
br/com/daruma/framework/mobile/gne/Persistencia.class
br/com/daruma/framework/mobile/gne/PersistenciaAuxiliar.class
br/com/daruma/framework/mobile/gne/Processos.class
br/com/daruma/framework/mobile/gne/Tags.class
br/com/daruma/framework/mobile/gne/Utils.class
br/com/daruma/framework/mobile/gne/imp/Daruma.class
br/com/daruma/framework/mobile/gne/imp/Daruma_2100.class
br/com/daruma/framework/mobile/gne/imp/Daruma_250.class
br/com/daruma/framework/mobile/gne/imp/Daruma_350.class
br/com/daruma/framework/mobile/gne/imp/Dascom.class
br/com/daruma/framework/mobile/gne/imp/Datec_250.class
br/com/daruma/framework/mobile/gne/imp/Datec_350.class
br/com/daruma/framework/mobile/gne/imp/EPSON.class
br/com/daruma/framework/mobile/gne/imp/Formatacao.class
br/com/daruma/framework/mobile/gne/imp/FormatacaoAscii.class
br/com/daruma/framework/mobile/gne/imp/M10.class
br/com/daruma/framework/mobile/gne/imp/Nonus.class
br/com/daruma/framework/mobile/gne/nfce/AberturaNfce.class
br/com/daruma/framework/mobile/gne/nfce/Acrescimo.class
br/com/daruma/framework/mobile/gne/nfce/ConfiguraCofinsAliq.class
br/com/daruma/framework/mobile/gne/nfce/ConfiguraCofinsNT.class
br/com/daruma/framework/mobile/gne/nfce/ConfiguraCofinsOutr.class
br/com/daruma/framework/mobile/gne/nfce/ConfiguraCofinsQtde.class
br/com/daruma/framework/mobile/gne/nfce/ConfiguraCofinsSn.class
br/com/daruma/framework/mobile/gne/nfce/ConfiguraCombustivel.class
br/com/daruma/framework/mobile/gne/nfce/ConfiguraICMS00.class
br/com/daruma/framework/mobile/gne/nfce/ConfiguraICMS10.class
br/com/daruma/framework/mobile/gne/nfce/ConfiguraICMS20.class
br/com/daruma/framework/mobile/gne/nfce/ConfiguraICMS30.class
br/com/daruma/framework/mobile/gne/nfce/ConfiguraICMS40.class
br/com/daruma/framework/mobile/gne/nfce/ConfiguraICMS51.class
br/com/daruma/framework/mobile/gne/nfce/ConfiguraICMS60.class
br/com/daruma/framework/mobile/gne/nfce/ConfiguraICMS70.class
br/com/daruma/framework/mobile/gne/nfce/ConfiguraICMS90.class
br/com/daruma/framework/mobile/gne/nfce/ConfiguraICMSPart.class
br/com/daruma/framework/mobile/gne/nfce/ConfiguraICMSSN101.class
br/com/daruma/framework/mobile/gne/nfce/ConfiguraICMSSN102.class
br/com/daruma/framework/mobile/gne/nfce/ConfiguraICMSSN201.class
br/com/daruma/framework/mobile/gne/nfce/ConfiguraICMSSN202.class
br/com/daruma/framework/mobile/gne/nfce/ConfiguraICMSSN500.class
br/com/daruma/framework/mobile/gne/nfce/ConfiguraICMSSN900.class
br/com/daruma/framework/mobile/gne/nfce/ConfiguraICMSST.class
br/com/daruma/framework/mobile/gne/nfce/ConfiguraLeiImposto.class
br/com/daruma/framework/mobile/gne/nfce/ConfiguraPisAliq.class
br/com/daruma/framework/mobile/gne/nfce/ConfiguraPisNT.class
br/com/daruma/framework/mobile/gne/nfce/ConfiguraPisOutr.class
br/com/daruma/framework/mobile/gne/nfce/ConfiguraPisQtde.class
br/com/daruma/framework/mobile/gne/nfce/ConfiguraPisSn.class
br/com/daruma/framework/mobile/gne/nfce/Descontos.class
br/com/daruma/framework/mobile/gne/nfce/Encerramento.class
br/com/daruma/framework/mobile/gne/nfce/IdentificarConsumidor.class
br/com/daruma/framework/mobile/gne/nfce/Item.class
br/com/daruma/framework/mobile/gne/nfce/Layout.class
br/com/daruma/framework/mobile/gne/nfce/NFCe.class
br/com/daruma/framework/mobile/gne/nfce/Pagamento.class
br/com/daruma/framework/mobile/gne/nfce/Pagar.class
br/com/daruma/framework/mobile/gne/nfce/PagarComCartao.class
br/com/daruma/framework/mobile/gne/nfce/TiposNFCe.class
br/com/daruma/framework/mobile/gne/nfce/Totalizacao.class
br/com/daruma/framework/mobile/gne/nfce/Transportadora.class
br/com/daruma/framework/mobile/gne/nfce/VendeItem.class
br/com/daruma/framework/mobile/gne/nfce/VendeItemCompleto.class
br/com/daruma/framework/mobile/gne/nfce/xml/Objetos.class
br/com/daruma/framework/mobile/gne/nfce/xml/Op_XmlAuxiliar.class
br/com/daruma/framework/mobile/gne/nfce/xml/Op_XmlCanc.class
br/com/daruma/framework/mobile/gne/nfce/xml/Op_XmlConsulta.class
br/com/daruma/framework/mobile/gne/nfce/xml/Op_XmlContingencia.class
br/com/daruma/framework/mobile/gne/nfce/xml/Op_XmlInutilizacao.class
br/com/daruma/framework/mobile/gne/nfce/xml/Op_XmlRetorno.class
br/com/daruma/framework/mobile/gne/nfce/xml/Xml_ElementosEnvioNFCe.class
br/com/daruma/framework/mobile/gne/nfce/xml/auxiliar/Aux_XmlAvisoServ.class
br/com/daruma/framework/mobile/gne/nfce/xml/auxiliar/Aux_XmlIde.class
br/com/daruma/framework/mobile/gne/nfce/xml/auxiliar/Aux_XmlInfIntermed.class
br/com/daruma/framework/mobile/gne/nfce/xml/auxiliar/Aux_XmlNfce.class
br/com/daruma/framework/mobile/gne/nfce/xml/auxiliar/Aux_XmlTransp.class
br/com/daruma/framework/mobile/gne/nfce/xml/classes/AC.class
br/com/daruma/framework/mobile/gne/nfce/xml/classes/AL.class
br/com/daruma/framework/mobile/gne/nfce/xml/classes/AM.class
br/com/daruma/framework/mobile/gne/nfce/xml/classes/AP.class
br/com/daruma/framework/mobile/gne/nfce/xml/classes/BA.class
br/com/daruma/framework/mobile/gne/nfce/xml/classes/CE.class
br/com/daruma/framework/mobile/gne/nfce/xml/classes/CideAuxiliar.class
br/com/daruma/framework/mobile/gne/nfce/xml/classes/CofinsAliqAuxiliar.class
br/com/daruma/framework/mobile/gne/nfce/xml/classes/CofinsNtAuxiliar.class
br/com/daruma/framework/mobile/gne/nfce/xml/classes/CofinsOutrAuxiliar.class
br/com/daruma/framework/mobile/gne/nfce/xml/classes/CofinsQtdeAuxiliar.class
br/com/daruma/framework/mobile/gne/nfce/xml/classes/CofinsSnAuxiliar.class
br/com/daruma/framework/mobile/gne/nfce/xml/classes/CofinsStAuxiliar.class
br/com/daruma/framework/mobile/gne/nfce/xml/classes/CombAuxiliar.class
br/com/daruma/framework/mobile/gne/nfce/xml/classes/ConfiguracaoAuxiliar.class
br/com/daruma/framework/mobile/gne/nfce/xml/classes/DF.class
br/com/daruma/framework/mobile/gne/nfce/xml/classes/ES.class
br/com/daruma/framework/mobile/gne/nfce/xml/classes/ElementosXMLContingencia.class
br/com/daruma/framework/mobile/gne/nfce/xml/classes/ElementosXMlInutilizacao.class
br/com/daruma/framework/mobile/gne/nfce/xml/classes/ElementosXmlAuxiliar.class
br/com/daruma/framework/mobile/gne/nfce/xml/classes/ElementosXmlCancelamento.class
br/com/daruma/framework/mobile/gne/nfce/xml/classes/Email.class
br/com/daruma/framework/mobile/gne/nfce/xml/classes/EmitAuxiliar.class
br/com/daruma/framework/mobile/gne/nfce/xml/classes/EnderEmitAuxiliar.class
br/com/daruma/framework/mobile/gne/nfce/xml/classes/GO.class
br/com/daruma/framework/mobile/gne/nfce/xml/classes/Icms00Auxiliar.class
br/com/daruma/framework/mobile/gne/nfce/xml/classes/Icms10Auxiliar.class
br/com/daruma/framework/mobile/gne/nfce/xml/classes/Icms20Auxiliar.class
br/com/daruma/framework/mobile/gne/nfce/xml/classes/Icms30Auxiliar.class
br/com/daruma/framework/mobile/gne/nfce/xml/classes/Icms40Auxiliar.class
br/com/daruma/framework/mobile/gne/nfce/xml/classes/Icms51Auxiliar.class
br/com/daruma/framework/mobile/gne/nfce/xml/classes/Icms60Auxiliar.class
br/com/daruma/framework/mobile/gne/nfce/xml/classes/Icms70Auxiliar.class
br/com/daruma/framework/mobile/gne/nfce/xml/classes/Icms90Auxiliar.class
br/com/daruma/framework/mobile/gne/nfce/xml/classes/IcmsPartAuxiliar.class
br/com/daruma/framework/mobile/gne/nfce/xml/classes/IcmsSn101Auxiliar.class
br/com/daruma/framework/mobile/gne/nfce/xml/classes/IcmsSn102Auxiliar.class
br/com/daruma/framework/mobile/gne/nfce/xml/classes/IcmsSn201Auxiliar.class
br/com/daruma/framework/mobile/gne/nfce/xml/classes/IcmsSn202Auxiliar.class
br/com/daruma/framework/mobile/gne/nfce/xml/classes/IcmsSn500Auxiliar.class
br/com/daruma/framework/mobile/gne/nfce/xml/classes/IcmsSn900Auxiliar.class
br/com/daruma/framework/mobile/gne/nfce/xml/classes/IcmsStAuxiliar.class
br/com/daruma/framework/mobile/gne/nfce/xml/classes/InfRespTecAuxiliar.class
br/com/daruma/framework/mobile/gne/nfce/xml/classes/IssQnAuxiliar.class
br/com/daruma/framework/mobile/gne/nfce/xml/classes/LeiImposto.class
br/com/daruma/framework/mobile/gne/nfce/xml/classes/MA.class
br/com/daruma/framework/mobile/gne/nfce/xml/classes/MG.class
br/com/daruma/framework/mobile/gne/nfce/xml/classes/MS.class
br/com/daruma/framework/mobile/gne/nfce/xml/classes/MT.class
br/com/daruma/framework/mobile/gne/nfce/xml/classes/MedAuxiliar.class
br/com/daruma/framework/mobile/gne/nfce/xml/classes/MsgPromocional.class
br/com/daruma/framework/mobile/gne/nfce/xml/classes/NT.class
br/com/daruma/framework/mobile/gne/nfce/xml/classes/PA.class
br/com/daruma/framework/mobile/gne/nfce/xml/classes/PB.class
br/com/daruma/framework/mobile/gne/nfce/xml/classes/PE.class
br/com/daruma/framework/mobile/gne/nfce/xml/classes/PI.class
br/com/daruma/framework/mobile/gne/nfce/xml/classes/PR.class
br/com/daruma/framework/mobile/gne/nfce/xml/classes/PisAliqAuxiliar.class
br/com/daruma/framework/mobile/gne/nfce/xml/classes/PisNtAuxiliar.class
br/com/daruma/framework/mobile/gne/nfce/xml/classes/PisOutrAuxiliar.class
br/com/daruma/framework/mobile/gne/nfce/xml/classes/PisQtdeAuxiliar.class
br/com/daruma/framework/mobile/gne/nfce/xml/classes/PisSnAuxiliar.class
br/com/daruma/framework/mobile/gne/nfce/xml/classes/PisStAuxiliar.class
br/com/daruma/framework/mobile/gne/nfce/xml/classes/ProdAuxiliar.class
br/com/daruma/framework/mobile/gne/nfce/xml/classes/RJ.class
br/com/daruma/framework/mobile/gne/nfce/xml/classes/RN.class
br/com/daruma/framework/mobile/gne/nfce/xml/classes/RO.class
br/com/daruma/framework/mobile/gne/nfce/xml/classes/RR.class
br/com/daruma/framework/mobile/gne/nfce/xml/classes/RS.class
br/com/daruma/framework/mobile/gne/nfce/xml/classes/SC.class
br/com/daruma/framework/mobile/gne/nfce/xml/classes/SE.class
br/com/daruma/framework/mobile/gne/nfce/xml/classes/SP.class
br/com/daruma/framework/mobile/gne/nfce/xml/classes/TO.class
br/com/daruma/framework/mobile/gne/nfse/AberturaNfse.class
br/com/daruma/framework/mobile/gne/nfse/EncerrarNFSe.class
br/com/daruma/framework/mobile/gne/nfse/Layout.class
br/com/daruma/framework/mobile/gne/nfse/NFSe.class
br/com/daruma/framework/mobile/gne/nfse/TiposNFSe.class
br/com/daruma/framework/mobile/gne/nfse/VendeServNFSe.class
br/com/daruma/framework/mobile/gne/nfse/xml/ElementosXmlAuxiliar.class
br/com/daruma/framework/mobile/gne/nfse/xml/ElementosXmlConsulta.class
br/com/daruma/framework/mobile/gne/nfse/xml/EnderPrest.class
br/com/daruma/framework/mobile/gne/nfse/xml/NfseAuxiliar.class
br/com/daruma/framework/mobile/gne/nfse/xml/Objetos.class
br/com/daruma/framework/mobile/gne/nfse/xml/Op_XmlAuxiliar.class
br/com/daruma/framework/mobile/gne/nfse/xml/Op_XmlConsulta.class
br/com/daruma/framework/mobile/gne/nfse/xml/Op_XmlRetorno.class
br/com/daruma/framework/mobile/gne/nfse/xml/Prestador.class
br/com/daruma/framework/mobile/gne/nfse/xml/Xml_ElementosEnvioNFSe.class
br/com/daruma/framework/mobile/gne/sat/Daruma.class
br/com/daruma/framework/mobile/gne/sat/Interface_Sat.class
br/com/daruma/framework/mobile/gne/sat/Layout.class
br/com/daruma/framework/mobile/gne/sat/ParseNFCe_2_SAT.class
br/com/daruma/framework/mobile/gne/sat/Sat.class
br/com/daruma/framework/mobile/gne/sat/SatCr.class
br/com/daruma/framework/mobile/gne/sat/SatCrComunicacao$UsbPermission.class
br/com/daruma/framework/mobile/gne/sat/SatCrComunicacao.class
br/com/daruma/framework/mobile/gne/sat/Urano.class
br/com/daruma/framework/mobile/gne/sat/xml/CONFIGURACAO.class
br/com/daruma/framework/mobile/gne/sat/xml/EMIT.class
br/com/daruma/framework/mobile/gne/sat/xml/IDENTIFICACAO_CFE.class
br/com/daruma/framework/mobile/gne/sat/xml/ISSQN.class
br/com/daruma/framework/mobile/gne/sat/xml/Objetos.class
br/com/daruma/framework/mobile/gne/sat/xml/Op_XmlAuxiliar.class
br/com/daruma/framework/mobile/gne/sat/xml/Op_XmlRetorno.class
br/com/daruma/framework/mobile/gne/sat/xml/PROD.class
br/com/daruma/framework/mobile/gne/sat/xml/Xml_ElementosAux.class
br/com/daruma/framework/mobile/log/DarumaLogger$LoggerDispatcherTrace.class
br/com/daruma/framework/mobile/log/DarumaLogger.class
br/com/daruma/framework/mobile/log/DarumaLoggerConst.class
br/com/daruma/framework/mobile/log/listeners/ITraceListener.class
br/com/daruma/framework/mobile/sat/PersistenciaJSON.class
br/com/daruma/framework/mobile/sat/PersistenciaXML.class
br/com/daruma/framework/mobile/sat/SatNativo.class
br/com/daruma/framework/mobile/sat/elementosCFe/DescAcrEntr.class
br/com/daruma/framework/mobile/sat/elementosCFe/Dest.class
br/com/daruma/framework/mobile/sat/elementosCFe/Det.class
br/com/daruma/framework/mobile/sat/elementosCFe/Emit.class
br/com/daruma/framework/mobile/sat/elementosCFe/Entrega.class
br/com/daruma/framework/mobile/sat/elementosCFe/Ide.class
br/com/daruma/framework/mobile/sat/elementosCFe/InfAdic.class
br/com/daruma/framework/mobile/sat/elementosCFe/InfCFe.class
br/com/daruma/framework/mobile/sat/elementosCFe/MeioDePagamento.class
br/com/daruma/framework/mobile/sat/elementosCFe/Pgto.class
br/com/daruma/framework/mobile/sat/elementosCFe/Prod.class
br/com/daruma/framework/mobile/sat/elementosCFe/Total.class
br/com/daruma/framework/mobile/sat/impostos/Cofins.class
br/com/daruma/framework/mobile/sat/impostos/Cofinsaliq.class
br/com/daruma/framework/mobile/sat/impostos/Cofinsnt.class
br/com/daruma/framework/mobile/sat/impostos/Cofinsoutr.class
br/com/daruma/framework/mobile/sat/impostos/Cofinsqtde.class
br/com/daruma/framework/mobile/sat/impostos/Cofinssn.class
br/com/daruma/framework/mobile/sat/impostos/Cofinsst.class
br/com/daruma/framework/mobile/sat/impostos/Icms.class
br/com/daruma/framework/mobile/sat/impostos/Icms00.class
br/com/daruma/framework/mobile/sat/impostos/Icms40.class
br/com/daruma/framework/mobile/sat/impostos/Icmssn102.class
br/com/daruma/framework/mobile/sat/impostos/Icmssn900.class
br/com/daruma/framework/mobile/sat/impostos/Issqn.class
br/com/daruma/framework/mobile/sat/impostos/Pis.class
br/com/daruma/framework/mobile/sat/impostos/Pisaliq.class
br/com/daruma/framework/mobile/sat/impostos/Pisnt.class
br/com/daruma/framework/mobile/sat/impostos/Pisoutr.class
br/com/daruma/framework/mobile/sat/impostos/Pisqtde.class
br/com/daruma/framework/mobile/sat/impostos/Pissn.class
br/com/daruma/framework/mobile/sat/impostos/Pisst.class
br/com/daruma/framework/mobile/sat/xmlConfiguracao/Configuracao.class
br/com/daruma/framework/mobile/sat/xmlConfiguracao/Emit.class
br/com/daruma/framework/mobile/sat/xmlConfiguracao/IdentificacaoCFe.class
br/com/daruma/framework/mobile/sat/xmlConfiguracao/Imposto.class
br/com/daruma/framework/mobile/sat/xmlConfiguracao/Prod.class
br/com/daruma/framework/mobile/sat/xmlConfiguracao/SAT_Framework_XML.class
br/com/daruma/framework/mobile/webservice/ComunicacaoWS.class
br/com/daruma/framework/mobile/webservice/ITServiceWs.class
br/com/daruma/framework/mobile/webservice/TrustedManagerManipulator$1.class
br/com/daruma/framework/mobile/webservice/TrustedManagerManipulator.class
br/com/daruma/framework/mobile/webservice/modelo/DadosConsulta.class
br/com/daruma/framework/mobile/webservice/modelo/InfoEmissao.class
daruma/com/br/darumamobile/BuildConfig.class
META-INF/gfprobe-provider.xml
META-INF/javamail.charset.map
META-INF/javamail.default.address.map
META-INF/javamail.default.providers
META-INF/jdom-info.xml
META-INF/mailcap
META-INF/services/org.xmlpull.v1.XmlPullParserFactory
com/itextpdf/text/AGPL.txt
com/itextpdf/text/LICENSE.txt
com/itextpdf/text/NOTICE.txt
com/itextpdf/text/l10n/error/en.lng
com/itextpdf/text/l10n/error/nl.lng
com/itextpdf/text/l10n/error/pt.lng
com/itextpdf/text/pdf/fonts/Courier-Bold.afm
com/itextpdf/text/pdf/fonts/Courier-BoldOblique.afm
com/itextpdf/text/pdf/fonts/Courier-Oblique.afm
com/itextpdf/text/pdf/fonts/Courier.afm
com/itextpdf/text/pdf/fonts/Helvetica-Bold.afm
com/itextpdf/text/pdf/fonts/Helvetica-BoldOblique.afm
com/itextpdf/text/pdf/fonts/Helvetica-Oblique.afm
com/itextpdf/text/pdf/fonts/Helvetica.afm
com/itextpdf/text/pdf/fonts/Symbol.afm
com/itextpdf/text/pdf/fonts/Times-Bold.afm
com/itextpdf/text/pdf/fonts/Times-BoldItalic.afm
com/itextpdf/text/pdf/fonts/Times-Italic.afm
com/itextpdf/text/pdf/fonts/Times-Roman.afm
com/itextpdf/text/pdf/fonts/ZapfDingbats.afm
com/itextpdf/text/pdf/fonts/cmap_info.txt
com/itextpdf/text/pdf/fonts/glyphlist.txt
com/itextpdf/text/pdf/fonts/mustRead.html
default.css
errors/errors.properties
errors/errors_en.properties
errors/errors_nl.properties
mailcap.default
mimetypes.default
org/apache/harmony/awt/internal/nls/messages.properties
